Arguments: 
  /home/tumble/.nvm/versions/node/v12.16.0/bin/node /usr/share/yarn/bin/yarn.js publish

PATH: 
  /home/tumble/.rbenv/shims:/home/tumble/.rbenv/bin:/home/tumble/.nvm/versions/node/v12.16.0/bin:/usr/local/sbin:/usr/local/bin:/usr/sbin:/usr/bin:/sbin:/bin:/usr/games:/usr/local/games:/snap/bin:/usr/local/mongodb/bin

Yarn version: 
  1.22.5

Node version: 
  12.16.0

Platform: 
  linux x64

Trace: 
  Error: canceled
      at Interface.<anonymous> (/usr/share/yarn/lib/cli.js:137009:13)
      at Interface.emit (events.js:321:20)
      at Interface._ttyWrite (readline.js:893:16)
      at ReadStream.onkeypress (readline.js:198:10)
      at ReadStream.emit (events.js:321:20)
      at emitKeys (internal/readline/utils.js:438:14)
      at emitKeys.next (<anonymous>)
      at ReadStream.onData (readline.js:1160:36)
      at ReadStream.emit (events.js:321:20)
      at addChunk (_stream_readable.js:294:12)

npm manifest: 
  {
    "name": "nano-grid",
    "version": "1.1.0",
    "description": "Grid System",
    "main": "index.js",
    "scripts": {},
    "dependencies": {
      "classnames": "^2.2.6"
    },
    "repository": {
      "type": "git",
      "url": "git+https://github.com/miguel-rivas"
    },
    "author": "Miguel Rivas",
    "license": "MIT",
    "homepage": "https://github.com/miguel-rivas"
  }

yarn manifest: 
  No manifest

Lockfile: 
  No lockfile
